{"total": {"lines":{"total":2791,"covered":2378,"skipped":0,"pct":85.2},"statements":{"total":2791,"covered":2378,"skipped":0,"pct":85.2},"functions":{"total":143,"covered":135,"skipped":0,"pct":94.4},"branches":{"total":755,"covered":519,"skipped":0,"pct":68.74},"branchesTrue":{"total":0,"covered":0,"skipped":0,"pct":"Unknown"}}
,"G:\\cchhat\\src\\lib\\chatStream.ts": {"lines":{"total":43,"covered":41,"skipped":0,"pct":95.34},"functions":{"total":3,"covered":3,"skipped":0,"pct":100},"statements":{"total":43,"covered":41,"skipped":0,"pct":95.34},"branches":{"total":20,"covered":13,"skipped":0,"pct":65}}
,"G:\\cchhat\\src\\lib\\episodicMemory.ts": {"lines":{"total":152,"covered":150,"skipped":0,"pct":98.68},"functions":{"total":5,"covered":5,"skipped":0,"pct":100},"statements":{"total":152,"covered":150,"skipped":0,"pct":98.68},"branches":{"total":28,"covered":26,"skipped":0,"pct":92.85}}
,"G:\\cchhat\\src\\lib\\fileIngest.ts": {"lines":{"total":132,"covered":110,"skipped":0,"pct":83.33},"functions":{"total":7,"covered":6,"skipped":0,"pct":85.71},"statements":{"total":132,"covered":110,"skipped":0,"pct":83.33},"branches":{"total":28,"covered":19,"skipped":0,"pct":67.85}}
,"G:\\cchhat\\src\\lib\\lmStudioClient.ts": {"lines":{"total":245,"covered":222,"skipped":0,"pct":90.61},"functions":{"total":12,"covered":12,"skipped":0,"pct":100},"statements":{"total":245,"covered":222,"skipped":0,"pct":90.61},"branches":{"total":96,"covered":62,"skipped":0,"pct":64.58}}
,"G:\\cchhat\\src\\lib\\memoryGraph.ts": {"lines":{"total":823,"covered":759,"skipped":0,"pct":92.22},"functions":{"total":44,"covered":44,"skipped":0,"pct":100},"statements":{"total":823,"covered":759,"skipped":0,"pct":92.22},"branches":{"total":265,"covered":182,"skipped":0,"pct":68.67}}
,"G:\\cchhat\\src\\lib\\memoryIntelligence.ts": {"lines":{"total":214,"covered":210,"skipped":0,"pct":98.13},"functions":{"total":11,"covered":11,"skipped":0,"pct":100},"statements":{"total":214,"covered":210,"skipped":0,"pct":98.13},"branches":{"total":61,"covered":49,"skipped":0,"pct":80.32}}
,"G:\\cchhat\\src\\lib\\optimizerConfig.ts": {"lines":{"total":141,"covered":141,"skipped":0,"pct":100},"functions":{"total":6,"covered":6,"skipped":0,"pct":100},"statements":{"total":141,"covered":141,"skipped":0,"pct":100},"branches":{"total":15,"covered":13,"skipped":0,"pct":86.66}}
,"G:\\cchhat\\src\\lib\\persistence.ts": {"lines":{"total":189,"covered":175,"skipped":0,"pct":92.59},"functions":{"total":10,"covered":7,"skipped":0,"pct":70},"statements":{"total":189,"covered":175,"skipped":0,"pct":92.59},"branches":{"total":75,"covered":46,"skipped":0,"pct":61.33}}
,"G:\\cchhat\\src\\lib\\personaMode.ts": {"lines":{"total":48,"covered":48,"skipped":0,"pct":100},"functions":{"total":5,"covered":5,"skipped":0,"pct":100},"statements":{"total":48,"covered":48,"skipped":0,"pct":100},"branches":{"total":17,"covered":12,"skipped":0,"pct":70.58}}
,"G:\\cchhat\\src\\lib\\semanticSearch.ts": {"lines":{"total":613,"covered":396,"skipped":0,"pct":64.6},"functions":{"total":31,"covered":28,"skipped":0,"pct":90.32},"statements":{"total":613,"covered":396,"skipped":0,"pct":64.6},"branches":{"total":111,"covered":72,"skipped":0,"pct":64.86}}
,"G:\\cchhat\\src\\lib\\systemPromptOptimizer.ts": {"lines":{"total":191,"covered":126,"skipped":0,"pct":65.96},"functions":{"total":9,"covered":8,"skipped":0,"pct":88.88},"statements":{"total":191,"covered":126,"skipped":0,"pct":65.96},"branches":{"total":39,"covered":25,"skipped":0,"pct":64.1}}
}
